<?xml version="1.0" encoding="UTF-8"?>
<robot generator="Robot 7.0 (Python 3.12.3 on win32)" generated="2024-05-07T18:15:40.126043" rpa="false" schemaversion="5">
<suite id="s1" name="Tests" source="C:\Users\Karine\Desktop\robotframe-teste\Tests">
<suite id="s1-s1" name="Voo" source="C:\Users\Karine\Desktop\robotframe-teste\Tests\Voo">
<suite id="s1-s1-s1" name="TC01" source="C:\Users\Karine\Desktop\robotframe-teste\Tests\Voo\TC01.robot">
<test id="s1-s1-s1-t1" name="TC01 - Reservando passagem de destinos dentro dos EUA na classe econômica" line="5">
<kw name="Dado que eu acesse o php travels" owner="Login_Steps">
<kw name="Open Browser" owner="SeleniumLibrary">
<msg time="2024-05-07T18:15:40.323506" level="INFO">Opening browser 'chrome' to base url 'https://www.phptravels.net/'.</msg>
<arg>${URL}</arg>
<arg>${Browser}</arg>
<doc>Opens a new browser instance to the optional ``url``.</doc>
<status status="PASS" start="2024-05-07T18:15:40.323506" elapsed="9.674800"/>
</kw>
<kw name="Maximize Browser Window" owner="SeleniumLibrary">
<doc>Maximizes current browser window.</doc>
<status status="PASS" start="2024-05-07T18:15:49.999663" elapsed="0.032206"/>
</kw>
<status status="PASS" start="2024-05-07T18:15:40.323002" elapsed="9.708867"/>
</kw>
<kw name="E realize o cadastro" owner="Login_Steps">
<kw name="Wait Until Element Is Visible" owner="SeleniumLibrary">
<msg time="2024-05-07T18:16:00.577835" level="INFO" html="true">&lt;/td&gt;&lt;/tr&gt;&lt;tr&gt;&lt;td colspan="3"&gt;&lt;a href="selenium-screenshot-1.png"&gt;&lt;img src="selenium-screenshot-1.png" width="800px"&gt;&lt;/a&gt;</msg>
<msg time="2024-05-07T18:16:00.578840" level="FAIL">Element '//a[@href="https://www.phptravels.net/signup"]' not visible after 10 seconds.</msg>
<arg>${Home.A_Signup}</arg>
<arg>10</arg>
<doc>Waits until the element ``locator`` is visible.</doc>
<status status="FAIL" start="2024-05-07T18:15:50.032931" elapsed="10.574483">Element '//a[@href="https://www.phptravels.net/signup"]' not visible after 10 seconds.</status>
</kw>
<kw name="Click Element" owner="SeleniumLibrary">
<arg>${Home.A_Signup}</arg>
<doc>Click the element identified by ``locator``.</doc>
<status status="NOT RUN" start="2024-05-07T18:16:00.607414" elapsed="0.000000"/>
</kw>
<kw name="Wait Until Element Is Visible" owner="SeleniumLibrary">
<arg>${Login.Input_PrimeiroNome}</arg>
<arg>10</arg>
<doc>Waits until the element ``locator`` is visible.</doc>
<status status="NOT RUN" start="2024-05-07T18:16:00.607414" elapsed="0.000000"/>
</kw>
<kw name="Input Text" owner="SeleniumLibrary">
<arg>${Login.Input_PrimeiroNome}</arg>
<arg>${PrimeiroNome}</arg>
<doc>Types the given ``text`` into the text field identified by ``locator``.</doc>
<status status="NOT RUN" start="2024-05-07T18:16:00.608417" elapsed="0.000000"/>
</kw>
<kw name="Wait Until Element Is Visible" owner="SeleniumLibrary">
<arg>${Login.Input_UltimoNome}</arg>
<arg>10</arg>
<doc>Waits until the element ``locator`` is visible.</doc>
<status status="NOT RUN" start="2024-05-07T18:16:00.608417" elapsed="0.000000"/>
</kw>
<kw name="Input Text" owner="SeleniumLibrary">
<arg>${Login.Input_UltimoNome}</arg>
<arg>${UltimoNome}</arg>
<doc>Types the given ``text`` into the text field identified by ``locator``.</doc>
<status status="NOT RUN" start="2024-05-07T18:16:00.608417" elapsed="0.000000"/>
</kw>
<kw name="Wait Until Element Is Visible" owner="SeleniumLibrary">
<arg>${Login.Input_Telefone}</arg>
<arg>10</arg>
<doc>Waits until the element ``locator`` is visible.</doc>
<status status="NOT RUN" start="2024-05-07T18:16:00.608417" elapsed="0.000000"/>
</kw>
<kw name="Input Text" owner="SeleniumLibrary">
<arg>${Login.Input_Telefone}</arg>
<arg>${Telefone}</arg>
<doc>Types the given ``text`` into the text field identified by ``locator``.</doc>
<status status="NOT RUN" start="2024-05-07T18:16:00.608417" elapsed="0.000000"/>
</kw>
<kw name="Wait Until Element Is Visible" owner="SeleniumLibrary">
<arg>${Login.Input_Email}</arg>
<arg>10</arg>
<doc>Waits until the element ``locator`` is visible.</doc>
<status status="NOT RUN" start="2024-05-07T18:16:00.608417" elapsed="0.000000"/>
</kw>
<kw name="Input Text" owner="SeleniumLibrary">
<arg>${Login.Input_Email}</arg>
<arg>${Email}</arg>
<doc>Types the given ``text`` into the text field identified by ``locator``.</doc>
<status status="NOT RUN" start="2024-05-07T18:16:00.608417" elapsed="0.000000"/>
</kw>
<kw name="Wait Until Element Is Visible" owner="SeleniumLibrary">
<arg>${Login.Input_Senha}</arg>
<arg>10</arg>
<doc>Waits until the element ``locator`` is visible.</doc>
<status status="NOT RUN" start="2024-05-07T18:16:00.608417" elapsed="0.000000"/>
</kw>
<kw name="Input Text" owner="SeleniumLibrary">
<arg>${Login.Input_Senha}</arg>
<arg>${Senha}</arg>
<doc>Types the given ``text`` into the text field identified by ``locator``.</doc>
<status status="NOT RUN" start="2024-05-07T18:16:00.608417" elapsed="0.000000"/>
</kw>
<kw name="Wait Until Element Is Visible" owner="SeleniumLibrary">
<arg>${Login.Button_Cookie}</arg>
<arg>10</arg>
<doc>Waits until the element ``locator`` is visible.</doc>
<status status="NOT RUN" start="2024-05-07T18:16:00.608417" elapsed="0.000000"/>
</kw>
<kw name="Click Element" owner="SeleniumLibrary">
<arg>${Login.Button_Cookie}</arg>
<doc>Click the element identified by ``locator``.</doc>
<status status="NOT RUN" start="2024-05-07T18:16:00.608417" elapsed="0.000000"/>
</kw>
<kw name="Wait Until Element Is Visible" owner="SeleniumLibrary">
<arg>${Login.Button_Signup}</arg>
<arg>10</arg>
<doc>Waits until the element ``locator`` is visible.</doc>
<status status="NOT RUN" start="2024-05-07T18:16:00.608417" elapsed="0.000000"/>
</kw>
<kw name="Sleep" owner="BuiltIn">
<arg>2s</arg>
<doc>Pauses the test executed for the given time.</doc>
<status status="NOT RUN" start="2024-05-07T18:16:00.608417" elapsed="0.000997"/>
</kw>
<kw name="Run Keyword And Ignore Error" owner="BuiltIn">
<arg>Click Element</arg>
<arg>${Login.Button_Signup}</arg>
<doc>Runs the given keyword with the given arguments and ignores possible error.</doc>
<status status="NOT RUN" start="2024-05-07T18:16:00.609414" elapsed="0.000000"/>
</kw>
<kw name="Click Element" owner="SeleniumLibrary">
<arg>${Login.Button_Signup}</arg>
<doc>Click the element identified by ``locator``.</doc>
<status status="NOT RUN" start="2024-05-07T18:16:00.609414" elapsed="0.000000"/>
</kw>
<status status="FAIL" start="2024-05-07T18:15:50.031869" elapsed="10.577545">Element '//a[@href="https://www.phptravels.net/signup"]' not visible after 10 seconds.</status>
</kw>
<kw name="E faça o Login" owner="Login_Steps">
<status status="NOT RUN" start="2024-05-07T18:16:00.609414" elapsed="0.000000"/>
</kw>
<kw name="Quando eu realizo uma busca de um vôo ida e volta" owner="Voo_Steps">
<status status="NOT RUN" start="2024-05-07T18:16:00.609414" elapsed="0.000000"/>
</kw>
<kw name="E saindo de Los Angeles EUA" owner="Voo_Steps" source_name="E saindo de ${Texto}">
<status status="NOT RUN" start="2024-05-07T18:16:00.609414" elapsed="0.000000"/>
</kw>
<kw name="E fecho o navegador" owner="Login_Steps">
<status status="NOT RUN" start="2024-05-07T18:16:00.610876" elapsed="0.000000"/>
</kw>
<status status="FAIL" start="2024-05-07T18:15:40.321852" elapsed="20.289024">Element '//a[@href="https://www.phptravels.net/signup"]' not visible after 10 seconds.</status>
</test>
<status status="FAIL" start="2024-05-07T18:15:40.152136" elapsed="20.459827"/>
</suite>
<status status="FAIL" start="2024-05-07T18:15:40.150983" elapsed="20.461997"/>
</suite>
<status status="FAIL" start="2024-05-07T18:15:40.127452" elapsed="20.486538"/>
</suite>
<statistics>
<total>
<stat pass="0" fail="1" skip="0">All Tests</stat>
</total>
<tag>
</tag>
<suite>
<stat pass="0" fail="1" skip="0" id="s1" name="Tests">Tests</stat>
<stat pass="0" fail="1" skip="0" id="s1-s1" name="Voo">Tests.Voo</stat>
<stat pass="0" fail="1" skip="0" id="s1-s1-s1" name="TC01">Tests.Voo.TC01</stat>
</suite>
</statistics>
<errors>
</errors>
</robot>
